  hw1.cpp
c:\users\jeffrey\desktop\420-transfer\assign2_coreopengl_startercode\assign1_coreopengl_startercode\hw1-startercode\hw1.cpp(308): warning C4305: '+=': truncation from 'double' to 'float'
c:\users\jeffrey\desktop\420-transfer\assign2_coreopengl_startercode\assign1_coreopengl_startercode\hw1-startercode\hw1.cpp(326): warning C4305: '+=': truncation from 'double' to 'float'
c:\users\jeffrey\desktop\420-transfer\assign2_coreopengl_startercode\assign1_coreopengl_startercode\hw1-startercode\hw1.cpp(738): warning C4305: '-=': truncation from 'double' to 'float'
c:\users\jeffrey\desktop\420-transfer\assign2_coreopengl_startercode\assign1_coreopengl_startercode\hw1-startercode\hw1.cpp(743): warning C4305: '+=': truncation from 'double' to 'float'
c:\users\jeffrey\desktop\420-transfer\assign2_coreopengl_startercode\assign1_coreopengl_startercode\hw1-startercode\hw1.cpp(761): warning C4305: '+=': truncation from 'double' to 'float'
c:\users\jeffrey\desktop\420-transfer\assign2_coreopengl_startercode\assign1_coreopengl_startercode\hw1-startercode\hw1.cpp(1171): warning C4305: '-=': truncation from 'double' to 'float'
c:\users\jeffrey\desktop\420-transfer\assign2_coreopengl_startercode\assign1_coreopengl_startercode\hw1-startercode\hw1.cpp(1240): warning C4018: '<': signed/unsigned mismatch
c:\users\jeffrey\desktop\420-transfer\assign2_coreopengl_startercode\assign1_coreopengl_startercode\hw1-startercode\hw1.cpp(1241): warning C4018: '<': signed/unsigned mismatch
c:\users\jeffrey\desktop\420-transfer\assign2_coreopengl_startercode\assign1_coreopengl_startercode\hw1-startercode\hw1.cpp(1242): warning C4018: '<': signed/unsigned mismatch
c:\users\jeffrey\desktop\420-transfer\assign2_coreopengl_startercode\assign1_coreopengl_startercode\hw1-startercode\hw1.cpp(1320): warning C4244: '=': conversion from 'double' to 'GLsizei', possible loss of data
c:\users\jeffrey\desktop\420-transfer\assign2_coreopengl_startercode\assign1_coreopengl_startercode\hw1-startercode\hw1.cpp(1347): warning C4018: '<': signed/unsigned mismatch
c:\users\jeffrey\desktop\420-transfer\assign2_coreopengl_startercode\assign1_coreopengl_startercode\hw1-startercode\hw1.cpp(1348): warning C4018: '<': signed/unsigned mismatch
c:\users\jeffrey\desktop\420-transfer\assign2_coreopengl_startercode\assign1_coreopengl_startercode\hw1-startercode\hw1.cpp(1349): warning C4018: '<': signed/unsigned mismatch
c:\users\jeffrey\desktop\420-transfer\assign2_coreopengl_startercode\assign1_coreopengl_startercode\hw1-startercode\hw1.cpp(1437): warning C4305: 'argument': truncation from 'double' to 'float'
c:\users\jeffrey\desktop\420-transfer\assign2_coreopengl_startercode\assign1_coreopengl_startercode\hw1-startercode\hw1.cpp(1437): warning C4244: 'argument': conversion from 'double' to 'float', possible loss of data
  jpeg.lib(jerror.obj) : MSIL .netmodule or module compiled with /GL found; restarting link with /LTCG; add /LTCG to the link command line to improve linker performance
LINK : warning LNK4075: ignoring '/INCREMENTAL' due to '/LTCG' specification
LINK : warning LNK4098: defaultlib 'MSVCRT' conflicts with use of other libs; use /NODEFAULTLIB:library
  Generating code
  Finished generating code
  hw1.vcxproj -> C:\Users\Jeffrey\Desktop\420-transfer\assign2_coreOpenGL_starterCode\assign1_coreOpenGL_starterCode\hw1-starterCode\\Bin\Debug\hw1.exe
